<?xml version="1.0" encoding="UTF-8"?>
<!-- Generated by org.testng.reporters.JUnitReportReporter -->
<testsuite hostname="Anuja" failures="0" tests="1" name="testscripts.AddphythonToCartTest" time="97.558" errors="0" timestamp="2023-05-30T20:53:56 IST" skipped="0">
  <testcase classname="testscripts.AddphythonToCartTest" name="addPythonToCart" time="97.558"/>
  <system-out/>
</testsuite> <!-- testscripts.AddphythonToCartTest -->
