<?xml version="1.0" encoding="UTF-8"?>
<!-- Generated by org.testng.reporters.JUnitReportReporter -->
<testsuite hostname="Anuja" failures="0" tests="1" name="testscripts.AddToCartTest" time="7.526" errors="0" timestamp="2023-05-30T06:55:57 IST" skipped="0">
  <testcase classname="testscripts.AddToCartTest" name="addToCartTest" time="7.526"/>
  <system-out/>
</testsuite> <!-- testscripts.AddToCartTest -->
