<?xml version="1.0" encoding="UTF-8"?>
<!-- Generated by org.testng.reporters.JUnitReportReporter -->
<testsuite hostname="Anuja" failures="0" tests="1" name="testscripts.SendContactDetailsTest" time="8.931" errors="0" timestamp="2023-05-30T06:56:17 IST" skipped="0">
  <testcase classname="testscripts.SendContactDetailsTest" name="sendContactDetailsTest" time="8.931"/>
  <system-out/>
</testsuite> <!-- testscripts.SendContactDetailsTest -->
